09/04/2025 12:03:24 PM:INFO:******** Test_001_Login.test_homePageTitle *******
09/04/2025 12:03:24 PM:INFO:******** Verifying Home Page Title ********
09/04/2025 12:03:27 PM:INFO:******* Home Page Title Passed *******
09/04/2025 12:10:41 PM:INFO:******** Test_001_Login.test_homePageTitle *******
09/04/2025 12:10:41 PM:INFO:******** Verifying Home Page Title ********
09/04/2025 12:10:44 PM:INFO:******* Home Page Title Passed *******
09/04/2025 12:10:46 PM:INFO:******** Test_001_Login.test_login *******
09/04/2025 12:10:46 PM:INFO:******** Verifying Login Test *******
09/04/2025 12:11:57 PM:INFO:******** Test_001_Login.test_homePageTitle *******
09/04/2025 12:11:57 PM:INFO:******** Verifying Home Page Title ********
09/04/2025 12:12:00 PM:INFO:******* Home Page Title Passed *******
09/04/2025 12:12:02 PM:INFO:******** Test_001_Login.test_login *******
09/04/2025 12:12:02 PM:INFO:******** Verifying Login Test *******
09/04/2025 12:30:52 PM:INFO:******** Test_001_Login.test_homePageTitle *******
09/04/2025 12:30:52 PM:INFO:******** Verifying Home Page Title ********
09/04/2025 12:30:55 PM:INFO:******* Home Page Title Passed *******
09/04/2025 12:30:57 PM:INFO:******** Test_001_Login.test_login *******
09/04/2025 12:30:57 PM:INFO:******** Verifying Login Test *******
09/04/2025 12:31:56 PM:INFO:******** Test_001_Login.test_homePageTitle *******
09/04/2025 12:31:56 PM:INFO:******** Verifying Home Page Title ********
09/04/2025 12:31:59 PM:INFO:******* Home Page Title Passed *******
09/04/2025 12:32:01 PM:INFO:******** Test_001_Login.test_login *******
09/04/2025 12:32:01 PM:INFO:******** Verifying Login Test *******
09/04/2025 12:32:11 PM:INFO:******* Login Test Passed *******
09/04/2025 12:33:26 PM:INFO:******** Test_001_Login.test_homePageTitle *******
09/04/2025 12:33:26 PM:INFO:******** Verifying Home Page Title ********
09/04/2025 12:33:29 PM:INFO:******* Home Page Title Passed *******
09/04/2025 12:33:56 PM:INFO:******** Test_001_Login.test_homePageTitle *******
09/04/2025 12:33:56 PM:INFO:******** Verifying Home Page Title ********
09/04/2025 12:33:58 PM:INFO:******* Home Page Title Passed *******
09/04/2025 12:34:00 PM:INFO:******** Test_001_Login.test_login *******
09/04/2025 12:34:00 PM:INFO:******** Verifying Login Test *******
09/04/2025 12:34:05 PM:INFO:******* Login Test Passed *******
09/04/2025 12:41:46 PM:INFO:******** Test_001_Login.test_homePageTitle *******
09/04/2025 12:41:46 PM:INFO:******** Verifying Home Page Title ********
09/04/2025 12:41:51 PM:INFO:******* Home Page Title Passed *******
09/04/2025 12:41:53 PM:INFO:******** Test_001_Login.test_login *******
09/04/2025 12:41:53 PM:INFO:******** Verifying Login Test *******
09/04/2025 12:42:00 PM:INFO:******* Login Test Passed *******
09/04/2025 01:04:26 PM:INFO:***** Test_002_searchUserbyName *****
09/04/2025 01:04:26 PM:INFO:***** Verifying User by Username *****
09/04/2025 01:04:54 PM:INFO:***** Test_002_searchUserbyName *****
09/04/2025 01:04:54 PM:INFO:***** Verifying User by Username *****
09/04/2025 01:05:48 PM:INFO:******** Test_001_Login.test_homePageTitle *******
09/04/2025 01:05:48 PM:INFO:******** Verifying Home Page Title ********
09/04/2025 01:05:51 PM:INFO:******* Home Page Title Passed *******
09/04/2025 01:05:53 PM:INFO:******** Test_001_Login.test_login *******
09/04/2025 01:05:53 PM:INFO:******** Verifying Login Test *******
09/04/2025 01:05:58 PM:INFO:******* Login Test Passed *******
09/04/2025 01:07:23 PM:INFO:***** Test_002_searchUserbyName *****
09/04/2025 01:07:23 PM:INFO:***** Verifying User by Username *****
09/04/2025 01:08:08 PM:INFO:***** Test_002_searchUserbyName *****
09/04/2025 01:08:08 PM:INFO:***** Verifying User by Username *****
09/04/2025 01:08:25 PM:INFO:***** Test_002_searchUserbyName *****
09/04/2025 01:08:25 PM:INFO:***** Verifying User by Username *****
09/04/2025 01:08:30 PM:INFO:***** Login Successful *****
09/04/2025 01:08:30 PM:INFO:***** Starting Search User by Username
09/04/2025 02:55:11 PM:INFO:******** Test_001_Login.test_homePageTitle *******
09/04/2025 02:55:11 PM:INFO:******** Verifying Home Page Title ********
09/04/2025 02:55:14 PM:INFO:******* Home Page Title Passed *******
09/04/2025 02:55:15 PM:INFO:******** Test_001_Login.test_login *******
09/04/2025 02:55:15 PM:INFO:******** Verifying Login Test *******
09/04/2025 02:55:21 PM:INFO:******* Login Test Passed *******
09/04/2025 02:55:22 PM:INFO:***** Test_002_searchUserbyName *****
09/04/2025 02:55:22 PM:INFO:***** Verifying User by Username *****
09/04/2025 02:55:26 PM:INFO:***** Login Successful *****
09/04/2025 02:55:26 PM:INFO:***** Starting Search User by Username
09/04/2025 03:32:16 PM:INFO:***** Test_002_searchUserbyName *****
09/04/2025 03:32:16 PM:INFO:***** Verifying User by Username *****
09/04/2025 03:32:20 PM:INFO:***** Login Successful *****
09/04/2025 03:32:20 PM:INFO:***** Starting Search User by Username
09/04/2025 03:34:32 PM:INFO:***** Test_002_searchUserbyName *****
09/04/2025 03:34:32 PM:INFO:***** Verifying User by Username *****
09/04/2025 03:34:36 PM:INFO:***** Login Successful *****
09/04/2025 03:34:36 PM:INFO:***** Starting Search User by Username
09/04/2025 03:35:39 PM:INFO:***** Test_002_searchUserbyName *****
09/04/2025 03:35:39 PM:INFO:***** Verifying User by Username *****
09/04/2025 03:35:44 PM:INFO:***** Login Successful *****
09/04/2025 03:35:44 PM:INFO:***** Starting Search User by Username
09/04/2025 03:41:18 PM:INFO:***** Test_002_searchUserbyName *****
09/04/2025 03:41:18 PM:INFO:***** Verifying User by Username *****
09/04/2025 03:41:21 PM:INFO:***** Login Successful *****
09/04/2025 03:41:21 PM:INFO:***** Starting Search User by Username
09/04/2025 03:43:38 PM:INFO:***** Test_002_searchUserbyName *****
09/04/2025 03:43:38 PM:INFO:***** Verifying User by Username *****
09/04/2025 03:43:41 PM:INFO:***** Login Successful *****
09/04/2025 03:43:41 PM:INFO:***** Starting Search User by Username
09/04/2025 03:44:55 PM:INFO:***** Test_002_searchUserbyName *****
09/04/2025 03:44:55 PM:INFO:***** Verifying User by Username *****
09/04/2025 03:44:59 PM:INFO:***** Login Successful *****
09/04/2025 03:44:59 PM:INFO:***** Starting Search User by Username
09/04/2025 03:47:24 PM:INFO:***** Test_002_searchUserbyName *****
09/04/2025 03:47:24 PM:INFO:***** Verifying User by Username *****
09/04/2025 03:47:29 PM:INFO:***** Login Successful *****
09/04/2025 03:47:29 PM:INFO:***** Starting Search User by Username
09/04/2025 03:49:07 PM:INFO:***** Test_002_searchUserbyName *****
09/04/2025 03:49:07 PM:INFO:***** Verifying User by Username *****
09/04/2025 03:49:18 PM:INFO:***** Login Successful *****
09/04/2025 03:49:18 PM:INFO:***** Starting Search User by Username
09/04/2025 03:50:33 PM:INFO:***** Test_002_searchUserbyName *****
09/04/2025 03:50:33 PM:INFO:***** Verifying User by Username *****
09/04/2025 03:50:38 PM:INFO:***** Login Successful *****
09/04/2025 03:50:38 PM:INFO:***** Starting Search User by Username
09/04/2025 03:53:03 PM:INFO:***** Test_002_searchUserbyName *****
09/04/2025 03:53:03 PM:INFO:***** Verifying User by Username *****
09/04/2025 03:53:07 PM:INFO:***** Login Successful *****
09/04/2025 03:53:07 PM:INFO:***** Starting Search User by Username
09/04/2025 03:53:10 PM:INFO:***** Search User by Username Failed *****
09/04/2025 03:54:35 PM:INFO:***** Test_002_searchUserbyName *****
09/04/2025 03:54:35 PM:INFO:***** Verifying User by Username *****
09/04/2025 03:54:38 PM:INFO:***** Login Successful *****
09/04/2025 03:54:38 PM:INFO:***** Starting Search User by Username
09/04/2025 03:54:43 PM:INFO:***** Search User by Username Failed *****
09/04/2025 03:56:07 PM:INFO:***** Test_002_searchUserbyName *****
09/04/2025 03:56:07 PM:INFO:***** Verifying User by Username *****
09/04/2025 03:56:11 PM:INFO:***** Login Successful *****
09/04/2025 03:56:11 PM:INFO:***** Starting Search User by Username
09/04/2025 03:56:15 PM:INFO:***** Search User by Username Failed *****
09/04/2025 03:56:53 PM:INFO:***** Test_002_searchUserbyName *****
09/04/2025 03:56:53 PM:INFO:***** Verifying User by Username *****
09/04/2025 03:56:57 PM:INFO:***** Login Successful *****
09/04/2025 03:56:57 PM:INFO:***** Starting Search User by Username
09/04/2025 03:57:01 PM:INFO:***** Search User by Username Failed *****
09/04/2025 04:16:42 PM:INFO:***** Test_002_searchUserbyName *****
09/04/2025 04:16:42 PM:INFO:***** Verifying User by Username *****
09/04/2025 04:16:45 PM:INFO:***** Login Successful *****
09/04/2025 04:16:45 PM:INFO:***** Starting Search User by Username
09/04/2025 04:17:06 PM:INFO:***** Test_002_searchUserbyName *****
09/04/2025 04:17:06 PM:INFO:***** Verifying User by Username *****
09/04/2025 04:17:09 PM:INFO:***** Login Successful *****
09/04/2025 04:17:09 PM:INFO:***** Starting Search User by Username
09/04/2025 04:17:12 PM:INFO:***** Search User by Username Successful *****
09/04/2025 04:18:23 PM:INFO:***** Test_002_searchUserbyName *****
09/04/2025 04:18:23 PM:INFO:***** Verifying User by Username *****
09/04/2025 04:18:27 PM:INFO:***** Login Successful *****
09/04/2025 04:18:27 PM:INFO:***** Starting Search User by Username
09/04/2025 04:18:30 PM:INFO:***** Search User by Username Successful *****
09/04/2025 04:19:20 PM:INFO:***** Test_002_searchUserbyName *****
09/04/2025 04:19:20 PM:INFO:***** Verifying User by Username *****
09/04/2025 04:19:24 PM:INFO:***** Login Successful *****
09/04/2025 04:19:24 PM:INFO:***** Starting Search User by Username
09/04/2025 04:19:27 PM:INFO:***** Search User by Username Successful *****
09/04/2025 04:35:59 PM:INFO:***** Test_002_searchUserbyName *****
09/04/2025 04:35:59 PM:INFO:***** Verifying User by Username *****
09/04/2025 04:36:03 PM:INFO:***** Login Successful *****
09/04/2025 04:36:03 PM:INFO:***** Starting Search User by Username
09/04/2025 04:36:05 PM:INFO:***** Search User by Username Successful *****
09/04/2025 06:47:01 PM:INFO:**** Test_003_Search_User_by_Role ****
09/04/2025 06:47:01 PM:INFO:**** Verifying User by Role *****
09/04/2025 06:47:37 PM:INFO:**** Test_003_Search_User_by_Role ****
09/04/2025 06:47:37 PM:INFO:**** Verifying User by Role *****
09/04/2025 06:47:40 PM:INFO:***** Login Successful *****
09/04/2025 06:47:40 PM:INFO:**** Verifying User by Role *****
09/04/2025 07:02:15 PM:INFO:**** Test_003_Search_User_by_Role ****
09/04/2025 07:02:15 PM:INFO:**** Verifying User by Role *****
09/04/2025 07:02:19 PM:INFO:***** Login Successful *****
09/04/2025 07:02:19 PM:INFO:**** Verifying User by Role *****
09/04/2025 07:04:43 PM:INFO:**** Test_003_Search_User_by_Role ****
09/04/2025 07:04:43 PM:INFO:**** Verifying User by Role *****
09/04/2025 07:04:46 PM:INFO:***** Login Successful *****
09/04/2025 07:04:46 PM:INFO:**** Verifying User by Role *****
09/04/2025 07:05:16 PM:INFO:**** Test_003_Search_User_by_Role ****
09/04/2025 07:05:16 PM:INFO:**** Verifying User by Role *****
09/04/2025 07:05:19 PM:INFO:***** Login Successful *****
09/04/2025 07:05:19 PM:INFO:**** Verifying User by Role *****
09/04/2025 07:05:36 PM:INFO:**** Test_003_Search_User_by_Role ****
09/04/2025 07:05:36 PM:INFO:**** Verifying User by Role *****
09/04/2025 07:05:40 PM:INFO:***** Login Successful *****
09/04/2025 07:05:40 PM:INFO:**** Verifying User by Role *****
09/04/2025 07:15:12 PM:INFO:**** Test_003_Search_User_by_Role ****
09/04/2025 07:15:12 PM:INFO:**** Verifying User by Role *****
09/04/2025 07:15:16 PM:INFO:***** Login Successful *****
09/04/2025 07:15:16 PM:INFO:**** Verifying User by Role *****
09/04/2025 07:15:27 PM:INFO:**** Test_003_Search_User_by_Role ****
09/04/2025 07:15:27 PM:INFO:**** Verifying User by Role *****
09/04/2025 07:15:30 PM:INFO:***** Login Successful *****
09/04/2025 07:15:30 PM:INFO:**** Verifying User by Role *****
09/04/2025 07:20:06 PM:INFO:**** Test_003_Search_User_by_Role ****
09/04/2025 07:20:06 PM:INFO:**** Verifying User by Role *****
09/04/2025 07:20:10 PM:INFO:***** Login Successful *****
09/04/2025 07:20:10 PM:INFO:**** Verifying User by Role *****
09/04/2025 07:21:08 PM:INFO:**** Test_003_Search_User_by_Role ****
09/04/2025 07:21:08 PM:INFO:**** Verifying User by Role *****
09/04/2025 07:21:12 PM:INFO:***** Login Successful *****
09/04/2025 07:21:12 PM:INFO:**** Verifying User by Role *****
09/04/2025 07:21:45 PM:INFO:**** Test_003_Search_User_by_Role ****
09/04/2025 07:21:45 PM:INFO:**** Verifying User by Role *****
09/04/2025 07:21:48 PM:INFO:***** Login Successful *****
09/04/2025 07:21:48 PM:INFO:**** Verifying User by Role *****
09/04/2025 07:22:11 PM:INFO:**** Test_003_Search_User_by_Role ****
09/04/2025 07:22:11 PM:INFO:**** Verifying User by Role *****
09/04/2025 07:22:14 PM:INFO:***** Login Successful *****
09/04/2025 07:22:14 PM:INFO:**** Verifying User by Role *****
09/04/2025 07:25:44 PM:INFO:**** Test_003_Search_User_by_Role ****
09/04/2025 07:25:44 PM:INFO:**** Verifying User by Role *****
09/04/2025 07:25:48 PM:INFO:***** Login Successful *****
09/04/2025 07:25:48 PM:INFO:**** Verifying User by Role *****
09/04/2025 07:37:21 PM:INFO:**** Test_003_Search_User_by_Role ****
09/04/2025 07:37:21 PM:INFO:**** Verifying User by Role *****
09/04/2025 07:37:26 PM:INFO:***** Login Successful *****
09/04/2025 07:37:26 PM:INFO:**** Verifying User by Role *****
09/04/2025 07:40:22 PM:INFO:**** Test_003_Search_User_by_Role ****
09/04/2025 07:40:22 PM:INFO:**** Verifying User by Role *****
09/04/2025 07:40:26 PM:INFO:***** Login Successful *****
09/04/2025 07:40:26 PM:INFO:**** Verifying User by Role *****
09/04/2025 07:42:23 PM:INFO:**** Test_003_Search_User_by_Role ****
09/04/2025 07:42:23 PM:INFO:**** Verifying User by Role *****
09/04/2025 07:42:26 PM:INFO:***** Login Successful *****
09/04/2025 07:42:26 PM:INFO:**** Verifying User by Role *****
09/04/2025 07:48:55 PM:INFO:**** Test_003_Search_User_by_Role ****
09/04/2025 07:48:55 PM:INFO:**** Verifying User by Role *****
09/04/2025 07:48:59 PM:INFO:***** Login Successful *****
09/04/2025 07:48:59 PM:INFO:**** Verifying User by Role *****
09/04/2025 07:49:44 PM:INFO:**** Test_003_Search_User_by_Role ****
09/04/2025 07:49:44 PM:INFO:**** Verifying User by Role *****
09/04/2025 07:49:48 PM:INFO:***** Login Successful *****
09/04/2025 07:49:48 PM:INFO:**** Verifying User by Role *****
09/04/2025 07:49:51 PM:INFO:**** Test_003_Search_User_by_Role Completed *****
09/04/2025 07:50:13 PM:INFO:**** Test_003_Search_User_by_Role ****
09/04/2025 07:50:13 PM:INFO:**** Verifying User by Role *****
09/04/2025 07:50:16 PM:INFO:***** Login Successful *****
09/04/2025 07:50:16 PM:INFO:**** Verifying User by Role *****
09/04/2025 07:50:20 PM:INFO:**** Test_003_Search_User_by_Role Completed *****
09/04/2025 07:52:37 PM:INFO:**** Test_003_Search_User_by_Role ****
09/04/2025 07:52:37 PM:INFO:**** Verifying User by Role *****
09/04/2025 07:52:40 PM:INFO:***** Login Successful *****
09/04/2025 07:52:40 PM:INFO:**** Verifying User by Role *****
09/04/2025 07:52:44 PM:INFO:**** Test_003_Search_User_by_Role Completed *****
09/04/2025 07:53:21 PM:INFO:**** Test_003_Search_User_by_Role ****
09/04/2025 07:53:21 PM:INFO:**** Verifying User by Role *****
09/04/2025 07:53:25 PM:INFO:***** Login Successful *****
09/04/2025 07:53:25 PM:INFO:**** Verifying User by Role *****
09/04/2025 07:53:34 PM:INFO:**** Test_003_Search_User_by_Role Completed *****
09/04/2025 07:54:50 PM:INFO:**** Test_003_Search_User_by_Role ****
09/04/2025 07:54:50 PM:INFO:**** Verifying User by Role *****
09/04/2025 07:54:54 PM:INFO:***** Login Successful *****
09/04/2025 07:54:54 PM:INFO:**** Verifying User by Role *****
09/04/2025 07:55:03 PM:INFO:**** Test_003_Search_User_by_Role Completed *****
09/04/2025 07:58:38 PM:INFO:**** Test_003_Search_User_by_Role ****
09/04/2025 07:58:38 PM:INFO:**** Verifying User by Role *****
09/04/2025 07:58:42 PM:INFO:***** Login Successful *****
09/04/2025 07:58:42 PM:INFO:**** Verifying User by Role *****
09/04/2025 07:58:50 PM:INFO:**** Test_003_Search_User_by_Role Completed *****
09/04/2025 07:59:01 PM:INFO:**** Test_003_Search_User_by_Role ****
09/04/2025 07:59:01 PM:INFO:**** Verifying User by Role *****
09/04/2025 07:59:04 PM:INFO:***** Login Successful *****
09/04/2025 07:59:04 PM:INFO:**** Verifying User by Role *****
09/04/2025 07:59:13 PM:INFO:**** Test_003_Search_User_by_Role Completed *****
09/04/2025 07:59:25 PM:INFO:**** Test_003_Search_User_by_Role ****
09/04/2025 07:59:25 PM:INFO:**** Verifying User by Role *****
09/04/2025 07:59:28 PM:INFO:***** Login Successful *****
09/04/2025 07:59:28 PM:INFO:**** Verifying User by Role *****
09/04/2025 07:59:31 PM:INFO:**** Test_003_Search_User_by_Role Completed *****
09/04/2025 09:41:36 PM:INFO:******** Test_001_Login.test_homePageTitle *******
09/04/2025 09:41:36 PM:INFO:******** Verifying Home Page Title ********
09/04/2025 09:41:39 PM:INFO:******* Home Page Title Passed *******
09/04/2025 09:41:40 PM:INFO:******** Test_001_Login.test_login *******
09/04/2025 09:41:40 PM:INFO:******** Verifying Login Test *******
09/04/2025 09:41:47 PM:INFO:******* Login Test Passed *******
09/04/2025 09:41:48 PM:INFO:***** Test_002_search_User_by_Name *****
09/04/2025 09:41:48 PM:INFO:***** Verifying User by Username *****
09/04/2025 09:41:52 PM:INFO:***** Login Successful *****
09/04/2025 09:41:52 PM:INFO:***** Starting Search User by Username
09/04/2025 09:41:56 PM:INFO:***** Search User by Username Successful *****
09/04/2025 09:41:58 PM:INFO:**** Test_003_Search_User_by_Role ****
09/04/2025 09:41:58 PM:INFO:**** Verifying User by Role *****
09/04/2025 09:42:02 PM:INFO:***** Login Successful *****
09/04/2025 09:42:02 PM:INFO:**** Verifying User by Role *****
09/04/2025 09:42:06 PM:INFO:**** Test_003_Search_User_by_Role Completed *****
09/04/2025 11:08:48 PM:INFO:***** Test_004_addNewUser *****
09/04/2025 11:08:48 PM:INFO:****** Adding New User ******
09/04/2025 11:08:53 PM:INFO:***** Login Successful *****
09/04/2025 11:12:54 PM:INFO:***** Test_004_addNewUser *****
09/04/2025 11:12:54 PM:INFO:****** Adding New User ******
09/04/2025 11:12:57 PM:INFO:***** Login Successful *****
09/04/2025 11:13:23 PM:INFO:***** Test_004_addNewUser *****
09/04/2025 11:13:23 PM:INFO:****** Adding New User ******
09/04/2025 11:13:28 PM:INFO:***** Login Successful *****
09/04/2025 11:14:49 PM:INFO:***** Test_004_addNewUser *****
09/04/2025 11:14:49 PM:INFO:****** Adding New User ******
09/04/2025 11:14:52 PM:INFO:***** Login Successful *****
09/04/2025 11:15:18 PM:INFO:***** Test_004_addNewUser *****
09/04/2025 11:15:18 PM:INFO:****** Adding New User ******
09/04/2025 11:15:22 PM:INFO:***** Login Successful *****
09/04/2025 11:15:54 PM:INFO:***** Test_004_addNewUser *****
09/04/2025 11:15:54 PM:INFO:****** Adding New User ******
09/04/2025 11:16:01 PM:INFO:***** Login Successful *****
09/04/2025 11:16:58 PM:INFO:***** Test_004_addNewUser *****
09/04/2025 11:16:58 PM:INFO:****** Adding New User ******
09/04/2025 11:17:04 PM:INFO:***** Login Successful *****
09/04/2025 11:20:52 PM:INFO:***** Test_004_addNewUser *****
09/04/2025 11:20:52 PM:INFO:****** Adding New User ******
09/04/2025 11:20:58 PM:INFO:***** Login Successful *****
09/04/2025 11:26:21 PM:INFO:***** Test_004_addNewUser *****
09/04/2025 11:26:21 PM:INFO:****** Adding New User ******
09/04/2025 11:26:26 PM:INFO:***** Login Successful *****
09/04/2025 11:36:48 PM:INFO:***** Test_004_addNewUser *****
09/04/2025 11:36:48 PM:INFO:****** Adding New User ******
09/04/2025 11:36:52 PM:INFO:***** Login Successful *****
09/04/2025 11:43:31 PM:INFO:***** Test_004_addNewUser *****
09/04/2025 11:43:31 PM:INFO:****** Adding New User ******
09/04/2025 11:43:36 PM:INFO:***** Login Successful *****
09/04/2025 11:58:42 PM:INFO:***** Test_004_addNewUser *****
09/04/2025 11:58:42 PM:INFO:****** Adding New User ******
09/04/2025 11:58:48 PM:INFO:***** Login Successful *****
09/05/2025 12:01:59 AM:INFO:***** Test_004_addNewUser *****
09/05/2025 12:01:59 AM:INFO:****** Adding New User ******
09/05/2025 12:02:04 AM:INFO:***** Login Successful *****
09/05/2025 12:10:26 AM:INFO:***** Test_004_addNewUser *****
09/05/2025 12:10:26 AM:INFO:****** Adding New User ******
09/05/2025 12:10:30 AM:INFO:***** Login Successful *****
09/05/2025 12:11:19 AM:INFO:***** Test_004_addNewUser *****
09/05/2025 12:11:19 AM:INFO:****** Adding New User ******
09/05/2025 12:11:24 AM:INFO:***** Login Successful *****
09/05/2025 12:18:01 AM:INFO:***** Test_004_addNewUser *****
09/05/2025 12:18:01 AM:INFO:****** Adding New User ******
09/05/2025 12:18:07 AM:INFO:***** Login Successful *****
09/05/2025 12:30:41 AM:INFO:***** Test_004_addNewUser *****
09/05/2025 12:30:41 AM:INFO:****** Adding New User ******
09/05/2025 12:30:45 AM:INFO:***** Login Successful *****
09/05/2025 12:30:49 AM:INFO:***** Adding New User *****
09/05/2025 12:30:50 AM:INFO:****** New User Saved Successfully *****
09/05/2025 12:31:33 AM:INFO:***** Test_004_addNewUser *****
09/05/2025 12:31:33 AM:INFO:****** Adding New User ******
09/05/2025 12:31:38 AM:INFO:***** Login Successful *****
09/05/2025 12:31:41 AM:INFO:***** Adding New User *****
09/05/2025 12:31:43 AM:INFO:****** New User Saved Successfully *****
09/05/2025 12:32:17 AM:INFO:***** Test_004_addNewUser *****
09/05/2025 12:32:17 AM:INFO:****** Adding New User ******
09/05/2025 12:32:21 AM:INFO:***** Login Successful *****
09/05/2025 12:32:25 AM:INFO:***** Adding New User *****
09/05/2025 12:32:26 AM:INFO:****** New User Saved Successfully *****
09/05/2025 12:34:48 AM:INFO:***** Test_004_addNewUser *****
09/05/2025 12:34:48 AM:INFO:****** Adding New User ******
09/05/2025 12:34:56 AM:INFO:***** Login Successful *****
09/05/2025 12:35:01 AM:INFO:***** Adding New User *****
09/05/2025 12:35:03 AM:INFO:****** New User Saved Successfully *****
09/05/2025 12:43:08 AM:INFO:***** Test_004_addNewUser *****
09/05/2025 12:43:08 AM:INFO:****** Adding New User ******
09/05/2025 12:43:14 AM:INFO:***** Login Successful *****
09/05/2025 12:43:17 AM:INFO:***** Adding New User *****
09/05/2025 12:43:19 AM:INFO:****** New User Saved Successfully *****
09/05/2025 12:44:04 AM:INFO:***** Test_004_addNewUser *****
09/05/2025 12:44:04 AM:INFO:****** Adding New User ******
09/05/2025 12:44:08 AM:INFO:***** Login Successful *****
09/05/2025 12:44:11 AM:INFO:***** Adding New User *****
09/05/2025 12:44:29 AM:INFO:***** Test_004_addNewUser *****
09/05/2025 12:44:29 AM:INFO:****** Adding New User ******
09/05/2025 12:44:32 AM:INFO:***** Login Successful *****
09/05/2025 12:44:36 AM:INFO:***** Adding New User *****
09/05/2025 12:44:38 AM:INFO:****** New User Saved Successfully *****
09/05/2025 12:45:06 AM:INFO:***** Test_004_addNewUser *****
09/05/2025 12:45:06 AM:INFO:****** Adding New User ******
09/05/2025 12:45:10 AM:INFO:***** Login Successful *****
09/05/2025 12:45:13 AM:INFO:***** Adding New User *****
09/05/2025 12:45:18 AM:INFO:****** New User Saved Successfully *****
09/05/2025 12:48:22 AM:INFO:***** Test_004_addNewUser *****
09/05/2025 12:48:22 AM:INFO:****** Adding New User ******
09/05/2025 12:48:26 AM:INFO:***** Login Successful *****
09/05/2025 12:48:30 AM:INFO:***** Adding New User *****
09/05/2025 12:48:35 AM:INFO:****** New User Saved Successfully *****
09/05/2025 12:49:01 AM:INFO:***** Test_004_addNewUser *****
09/05/2025 12:49:01 AM:INFO:****** Adding New User ******
09/05/2025 12:49:05 AM:INFO:***** Login Successful *****
09/05/2025 12:49:08 AM:INFO:***** Adding New User *****
09/05/2025 12:49:13 AM:INFO:****** New User Saved Successfully *****
09/05/2025 12:49:54 AM:INFO:***** Test_004_addNewUser *****
09/05/2025 12:49:54 AM:INFO:****** Adding New User ******
09/05/2025 12:49:59 AM:INFO:***** Login Successful *****
09/05/2025 12:50:02 AM:INFO:***** Adding New User *****
09/05/2025 12:50:07 AM:INFO:****** New User Saved Successfully *****
09/05/2025 12:52:30 AM:INFO:***** Test_004_addNewUser *****
09/05/2025 12:52:30 AM:INFO:****** Adding New User ******
09/05/2025 12:52:33 AM:INFO:***** Login Successful *****
09/05/2025 12:52:37 AM:INFO:***** Adding New User *****
09/05/2025 12:52:41 AM:INFO:****** New User Saved Successfully *****
09/05/2025 12:53:17 AM:INFO:***** Test_004_addNewUser *****
09/05/2025 12:53:17 AM:INFO:****** Adding New User ******
09/05/2025 12:53:21 AM:INFO:***** Login Successful *****
09/05/2025 12:53:25 AM:INFO:***** Adding New User *****
09/05/2025 12:53:29 AM:INFO:****** New User Saved Successfully *****
09/05/2025 12:54:11 AM:INFO:***** Test_004_addNewUser *****
09/05/2025 12:54:11 AM:INFO:****** Adding New User ******
09/05/2025 12:54:15 AM:INFO:***** Login Successful *****
09/05/2025 12:54:19 AM:INFO:***** Adding New User *****
09/05/2025 12:54:23 AM:INFO:****** New User Saved Successfully *****
09/05/2025 12:57:31 AM:INFO:***** Test_004_addNewUser *****
09/05/2025 12:57:31 AM:INFO:****** Adding New User ******
09/05/2025 12:57:35 AM:INFO:***** Login Successful *****
09/05/2025 12:57:39 AM:INFO:***** Adding New User *****
09/05/2025 12:57:43 AM:INFO:****** New User Saved Successfully *****
09/05/2025 12:59:12 AM:INFO:***** Test_004_addNewUser *****
09/05/2025 12:59:12 AM:INFO:****** Adding New User ******
09/05/2025 12:59:16 AM:INFO:***** Login Successful *****
09/05/2025 12:59:20 AM:INFO:***** Adding New User *****
09/05/2025 12:59:24 AM:INFO:****** New User Saved Successfully *****
09/05/2025 01:07:11 AM:INFO:***** Test_004_addNewUser *****
09/05/2025 01:07:11 AM:INFO:****** Adding New User ******
09/05/2025 01:07:14 AM:INFO:***** Login Successful *****
09/05/2025 01:07:18 AM:INFO:***** Adding New User *****
09/05/2025 01:07:22 AM:INFO:****** New User Saved Successfully *****
09/05/2025 01:14:14 AM:INFO:***** Test_004_addNewUser *****
09/05/2025 01:14:14 AM:INFO:****** Adding New User ******
09/05/2025 01:14:18 AM:INFO:***** Login Successful *****
09/05/2025 01:14:22 AM:INFO:***** Adding New User *****
09/05/2025 01:14:26 AM:INFO:****** New User Saved Successfully *****
09/05/2025 01:15:49 AM:INFO:***** Test_004_addNewUser *****
09/05/2025 01:15:49 AM:INFO:****** Adding New User ******
09/05/2025 01:15:55 AM:INFO:***** Login Successful *****
09/05/2025 01:15:57 AM:INFO:***** Adding New User *****
09/05/2025 01:16:01 AM:INFO:****** New User Saved Successfully *****
09/05/2025 01:16:42 AM:INFO:***** Test_004_addNewUser *****
09/05/2025 01:16:42 AM:INFO:****** Adding New User ******
09/05/2025 01:16:46 AM:INFO:***** Login Successful *****
09/05/2025 01:16:50 AM:INFO:***** Adding New User *****
09/05/2025 01:16:54 AM:INFO:****** New User Saved Successfully *****
09/05/2025 01:17:23 AM:INFO:***** Test_004_addNewUser *****
09/05/2025 01:17:23 AM:INFO:****** Adding New User ******
09/05/2025 01:17:29 AM:INFO:***** Login Successful *****
09/05/2025 01:17:32 AM:INFO:***** Adding New User *****
09/05/2025 01:17:36 AM:INFO:****** New User Saved Successfully *****
09/05/2025 01:18:53 AM:INFO:***** Test_004_addNewUser *****
09/05/2025 01:18:53 AM:INFO:****** Adding New User ******
09/05/2025 01:18:57 AM:INFO:***** Login Successful *****
09/05/2025 01:19:00 AM:INFO:***** Adding New User *****
09/05/2025 01:19:05 AM:INFO:****** New User Saved Successfully *****
09/05/2025 01:24:06 AM:INFO:***** Test_004_addNewUser *****
09/05/2025 01:24:06 AM:INFO:****** Adding New User ******
09/05/2025 01:24:10 AM:INFO:***** Login Successful *****
09/05/2025 01:24:14 AM:INFO:***** Adding New User *****
09/05/2025 01:24:18 AM:INFO:****** New User Saved Successfully *****
09/05/2025 01:24:54 AM:INFO:***** Test_004_addNewUser *****
09/05/2025 01:24:54 AM:INFO:****** Adding New User ******
09/05/2025 01:24:58 AM:INFO:***** Login Successful *****
09/05/2025 01:25:01 AM:INFO:***** Adding New User *****
09/05/2025 01:25:08 AM:INFO:****** New User Saved Successfully *****
09/05/2025 01:25:50 AM:INFO:***** Test_004_addNewUser *****
09/05/2025 01:25:50 AM:INFO:****** Adding New User ******
09/05/2025 01:25:57 AM:INFO:***** Login Successful *****
09/05/2025 01:26:00 AM:INFO:***** Adding New User *****
09/05/2025 01:26:08 AM:INFO:****** New User Saved Successfully *****
09/05/2025 01:27:16 AM:INFO:***** Test_004_addNewUser *****
09/05/2025 01:27:16 AM:INFO:****** Adding New User ******
09/05/2025 01:27:20 AM:INFO:***** Login Successful *****
09/05/2025 01:27:24 AM:INFO:***** Adding New User *****
09/05/2025 01:27:31 AM:INFO:****** New User Saved Successfully *****
09/05/2025 01:27:50 AM:INFO:***** Test_004_addNewUser *****
09/05/2025 01:27:50 AM:INFO:****** Adding New User ******
09/05/2025 01:27:53 AM:INFO:***** Login Successful *****
09/05/2025 01:27:57 AM:INFO:***** Adding New User *****
09/05/2025 01:28:04 AM:INFO:****** New User Saved Successfully *****
09/05/2025 01:28:37 AM:INFO:***** Test_004_addNewUser *****
09/05/2025 01:28:37 AM:INFO:****** Adding New User ******
09/05/2025 01:28:41 AM:INFO:***** Login Successful *****
09/05/2025 01:28:45 AM:INFO:***** Adding New User *****
09/05/2025 01:28:52 AM:INFO:****** New User Saved Successfully *****
09/05/2025 01:28:58 AM:INFO:***** Search User by Username Failed *****
09/05/2025 01:32:04 AM:INFO:***** Test_004_addNewUser *****
09/05/2025 01:32:04 AM:INFO:****** Adding New User ******
09/05/2025 01:32:10 AM:INFO:***** Login Successful *****
09/05/2025 01:32:13 AM:INFO:***** Adding New User *****
09/05/2025 01:32:20 AM:INFO:****** New User Saved Successfully *****
09/05/2025 01:32:28 AM:INFO:***** Search User by Username Failed *****
09/05/2025 01:33:35 AM:INFO:***** Test_004_addNewUser *****
09/05/2025 01:33:35 AM:INFO:****** Adding New User ******
09/05/2025 01:33:40 AM:INFO:***** Login Successful *****
09/05/2025 01:33:43 AM:INFO:***** Adding New User *****
09/05/2025 01:33:51 AM:INFO:****** New User Saved Successfully *****
09/05/2025 01:33:58 AM:INFO:***** Search User by Username Successful *****
09/05/2025 01:37:53 AM:INFO:***** Test_004_addNewUser *****
09/05/2025 01:37:53 AM:INFO:****** Adding New User ******
09/05/2025 01:37:56 AM:INFO:***** Login Successful *****
09/05/2025 01:38:00 AM:INFO:***** Adding New User *****
09/05/2025 01:38:07 AM:INFO:****** New User Saved Successfully *****
09/05/2025 01:38:15 AM:INFO:***** Search User by Username Successful *****
09/05/2025 01:38:52 AM:INFO:***** Test_004_addNewUser *****
09/05/2025 01:38:52 AM:INFO:****** Adding New User ******
09/05/2025 01:38:56 AM:INFO:***** Login Successful *****
09/05/2025 01:39:00 AM:INFO:***** Adding New User *****
09/05/2025 01:39:07 AM:INFO:****** New User Saved Successfully *****
09/05/2025 01:39:15 AM:INFO:***** Search User by Username Successful *****
09/05/2025 01:40:53 AM:INFO:***** Test_004_addNewUser *****
09/05/2025 01:40:53 AM:INFO:****** Adding New User ******
09/05/2025 01:40:59 AM:INFO:***** Login Successful *****
09/05/2025 01:41:01 AM:INFO:***** Adding New User *****
09/05/2025 01:41:09 AM:INFO:****** New User Saved Successfully *****
09/05/2025 01:41:28 AM:INFO:***** Test_004_addNewUser *****
09/05/2025 01:41:28 AM:INFO:****** Adding New User ******
09/05/2025 01:41:34 AM:INFO:***** Login Successful *****
09/05/2025 01:41:38 AM:INFO:***** Adding New User *****
09/05/2025 01:41:45 AM:INFO:****** New User Saved Successfully *****
09/05/2025 01:41:52 AM:INFO:***** Search User by Username Successful *****
09/05/2025 01:42:52 AM:INFO:***** Test_004_addNewUser *****
09/05/2025 01:42:52 AM:INFO:****** Adding New User ******
09/05/2025 01:42:57 AM:INFO:***** Login Successful *****
09/05/2025 01:43:00 AM:INFO:***** Adding New User *****
09/05/2025 01:43:08 AM:INFO:****** New User Saved Successfully *****
09/05/2025 01:43:15 AM:INFO:***** Search User by Username Successful *****
